[2017.05.21-23.40.17:208][  0]Log file open, 05/21/17 17:40:17
[2017.05.21-23.40.17:208][  0]LogInit:Display: Running engine for game: Project
[2017.05.21-23.40.17:208][  0]LogInit:Display: RandInit(-549582818) SRandInit(-549582817).
[2017.05.21-23.40.17:208][  0]LogTaskGraph: Started task graph with 4 named threads and 5 total threads.
[2017.05.21-23.40.17:208][  0]LogStats: Stats thread started at 0.090944
[2017.05.21-23.40.17:208][  0]LogInit: Version: 4.9.2-2707645+++depot+UE4-Releases+4.9
[2017.05.21-23.40.17:208][  0]LogInit: API Version: 2672455
[2017.05.21-23.40.17:208][  0]LogInit: Compiled (64-bit): Sep 28 2015 10:25:44
[2017.05.21-23.40.17:208][  0]LogInit: Compiled with Visual C++: 18.00.21005.01
[2017.05.21-23.40.17:208][  0]LogInit: Build Configuration: Development
[2017.05.21-23.40.17:208][  0]LogInit: Branch Name: ++depot+UE4-Releases+4.9
[2017.05.21-23.40.17:208][  0]LogInit: Command line: -EpicPortal 
[2017.05.21-23.40.17:208][  0]LogInit: Base directory: C:/Program Files/Epic Games/UE_4.9/Engine/Binaries/Win64/
[2017.05.21-23.40.17:208][  0]LogInit: Rocket: 1
[2017.05.21-23.40.17:220][  0]LogInit: Using libcurl 7.41.0
[2017.05.21-23.40.17:220][  0]LogInit:  - built for x86_64-pc-win32
[2017.05.21-23.40.17:220][  0]LogInit:  - supports SSL with WinSSL
[2017.05.21-23.40.17:220][  0]LogInit:  - other features:
[2017.05.21-23.40.17:220][  0]LogInit:      CURL_VERSION_SSL
[2017.05.21-23.40.17:220][  0]LogInit:      CURL_VERSION_IPV6
[2017.05.21-23.40.17:220][  0]LogInit:      CURL_VERSION_ASYNCHDNS
[2017.05.21-23.40.17:220][  0]LogInit:      CURL_VERSION_LARGEFILE
[2017.05.21-23.40.17:220][  0]LogInit:      CURL_VERSION_IDN
[2017.05.21-23.40.17:220][  0]LogInit:  CurlRequestOptions (configurable via config and command line):
[2017.05.21-23.40.17:220][  0]LogInit:  - bVerifyPeer = true  - Libcurl will verify peer certificate
[2017.05.21-23.40.17:220][  0]LogInit:  - bUseHttpProxy = false  - Libcurl will NOT use HTTP proxy
[2017.05.21-23.40.17:220][  0]LogInit:  - bDontReuseConnections = false  - Libcurl will reuse connections
[2017.05.21-23.40.17:220][  0]LogInit:  - CertBundlePath = nullptr  - Libcurl will use whatever was configured at build time.
[2017.05.21-23.40.17:230][  0]LogInit: Presizing for 0 objects not considered by GC, pre-allocating 0 bytes.
[2017.05.21-23.40.17:238][  0]LogInit: Object subsystem initialized
[2017.05.21-23.40.17:239][  0]LogInit: Selected Device Profile: [Windows]
[2017.05.21-23.40.17:239][  0]LogInit: Applying CVar settings loaded from the selected device profile: [Windows]
[2017.05.21-23.40.17:279][  0]LogInit: Computer: DEBBIELAPTOP
[2017.05.21-23.40.17:279][  0]LogInit: User: Jacob
[2017.05.21-23.40.17:279][  0]LogInit: CPU Page size=4096, Cores=2
[2017.05.21-23.40.17:279][  0]LogInit: High frequency timer resolution =2.338337 MHz
[2017.05.21-23.40.17:280][  0]LogMemory: Memory total: Physical=5.9GB (6GB approx)
[2017.05.21-23.40.17:280][  0]LogMemory: Platform Memory Stats for Windows
[2017.05.21-23.40.17:280][  0]LogMemory: Process Physical Memory: 54.41 MB used, 54.41 MB peak
[2017.05.21-23.40.17:280][  0]LogMemory: Process Virtual Memory: 55.45 MB used, 55.45 MB peak
[2017.05.21-23.40.17:280][  0]LogMemory: Physical Memory: 4344.69 MB used, 6048.76 MB total
[2017.05.21-23.40.17:280][  0]LogMemory: Virtual Memory: 369.13 MB used, 134217728.00 MB total
[2017.05.21-23.40.17:394][  0]LogTextLocalizationManager: No specific translations for ('en-US') exist, so ('en') translations will be used.
[2017.05.21-23.40.19:965][  0]LogD3D11RHI: Found D3D11 adapter 0: Intel(R) HD Graphics Family (Feature Level 11_0)
[2017.05.21-23.40.19:965][  0]LogD3D11RHI: Adapter has 112MB of dedicated video memory, 0MB of dedicated system memory, and 2048MB of shared system memory, 1 output[s]
[2017.05.21-23.40.19:970][  0]LogD3D11RHI: Found D3D11 adapter 1: Microsoft Basic Render Driver (Feature Level 11_0)
[2017.05.21-23.40.19:970][  0]LogD3D11RHI: Adapter has 0MB of dedicated video memory, 0MB of dedicated system memory, and 3024MB of shared system memory, 0 output[s]
[2017.05.21-23.40.19:971][  0]LogD3D11RHI: Chosen D3D11 Adapter Id = 0
[2017.05.21-23.40.19:992][  0]LogD3D11RHI: !Direct3DDevice
[2017.05.21-23.40.19:992][  0]LogRHI: Texture pool is 795 MB (70% of 1136 MB)
[2017.05.21-23.40.20:008][  0]LogD3D11RHI: Async texture creation enabled
[2017.05.21-23.40.20:020][  0]LogShaderCompilers: Guid format shader working directory is 14 characters bigger than the processId version (../../../../../../Users/Jacob/Documents/GitHub/Project/Project/Intermediate/Shaders/WorkingDirectory/10736/).
[2017.05.21-23.40.20:020][  0]LogShaderCompilers: Cleaned the shader compiler working directory '../../../../../../Users/Jacob/Documents/GitHub/Project/Project/Intermediate/Shaders/tmp/1DEE67494A79766440A97E8EEA883273/'.
[2017.05.21-23.40.20:020][  0]LogShaderCompilers:Display: Using Local Shader Compiler.
[2017.05.21-23.40.28:130][  0]LogTemp:Display: Loaded TP AllDesktopTargetPlatform
[2017.05.21-23.40.28:139][  0]LogTemp:Display: Loaded TP WindowsClientTargetPlatform
[2017.05.21-23.40.28:146][  0]LogTemp:Display: Loaded TP WindowsNoEditorTargetPlatform
[2017.05.21-23.40.28:153][  0]LogTemp:Display: Loaded TP WindowsServerTargetPlatform
[2017.05.21-23.40.28:159][  0]LogTemp:Display: Loaded TP WindowsTargetPlatform
[2017.05.21-23.40.28:168][  0]LogTemp:Display: Loaded TP AndroidTargetPlatform
[2017.05.21-23.40.28:174][  0]LogTemp:Display: Loaded TP Android_ASTCTargetPlatform
[2017.05.21-23.40.28:178][  0]LogTemp:Display: Loaded TP Android_ATCTargetPlatform
[2017.05.21-23.40.28:183][  0]LogTemp:Display: Loaded TP Android_DXTTargetPlatform
[2017.05.21-23.40.28:188][  0]LogTemp:Display: Loaded TP Android_ETC1TargetPlatform
[2017.05.21-23.40.28:192][  0]LogTemp:Display: Loaded TP Android_ETC2TargetPlatform
[2017.05.21-23.40.28:196][  0]LogTemp:Display: Loaded TP Android_PVRTCTargetPlatform
[2017.05.21-23.40.28:198][  0]LogTemp:Display: Loaded TP HTML5TargetPlatform
[2017.05.21-23.40.28:222][  0]LogTemp:Display: Loaded TP IOSTargetPlatform
[2017.05.21-23.40.28:226][  0]LogTemp:Display: Loaded TP LinuxNoEditorTargetPlatform
[2017.05.21-23.40.28:230][  0]LogTemp:Display: Loaded TP LinuxServerTargetPlatform
[2017.05.21-23.40.28:243][  0]LogTemp:Display: Loaded TP LinuxTargetPlatform
[2017.05.21-23.40.28:243][  0]LogTargetPlatformManager:Display: Building Assets For Windows
[2017.05.21-23.40.28:485][  0]LogDerivedDataCache:Display: Max Cache Size: 512 MB
[2017.05.21-23.40.28:622][  0]LogDerivedDataCache: Loaded boot cache 0.14s 44MB C:/Users/Jacob/AppData/Local/UnrealEngine/4.9/DerivedDataCache/Boot.ddc.
[2017.05.21-23.40.28:622][  0]LogDerivedDataCache:Display: Loaded Boot cache: C:/Users/Jacob/AppData/Local/UnrealEngine/4.9/DerivedDataCache/Boot.ddc
[2017.05.21-23.40.28:622][  0]LogDerivedDataCache: FDerivedDataBackendGraph:  Pak pak cache file ../../../../../../Users/Jacob/Documents/GitHub/Project/Project/DerivedDataCache/DDC.ddp not found, will not use a pak cache.
[2017.05.21-23.40.28:622][  0]LogDerivedDataCache: Unable to find inner node Pak for hierarchical cache Hierarchy.
[2017.05.21-23.40.28:623][  0]LogDerivedDataCache: FDerivedDataBackendGraph:  CompressedPak pak cache file ../../../../../../Users/Jacob/Documents/GitHub/Project/Project/DerivedDataCache/Compressed.ddp not found, will not use a pak cache.
[2017.05.21-23.40.28:623][  0]LogDerivedDataCache: Unable to find inner node CompressedPak for hierarchical cache Hierarchy.
[2017.05.21-23.40.29:146][  0]LogDerivedDataCache:Display: Pak cache opened for reading ../../../Engine/DerivedDataCache/Compressed.ddp.
[2017.05.21-23.40.29:162][  0]LogDerivedDataCache: Using Local data cache path C:/Users/Jacob/AppData/Local/UnrealEngine/Common/DerivedDataCache: Writable
[2017.05.21-23.40.29:944][  0]LogInit: Selected Device Profile: [Windows]
[2017.05.21-23.40.29:955][  0]LogContentStreaming: Texture pool size is 0.000000MB
[2017.05.21-23.40.30:461][  0]LogMeshUtilities: No automatic mesh reduction module available
[2017.05.21-23.40.30:461][  0]LogMeshUtilities: No automatic mesh merging module available
[2017.05.21-23.40.31:448][  0]LogInit: WinSock: version 1.1 (2.2), MaxSocks=32767, MaxUdp=65467
[2017.05.21-23.40.51:745][  0]UdpMessaging: Initializing bridge on interface 0.0.0.0:0 to multicast group 230.0.0.1:6666.
[2017.05.21-23.40.53:043][  0]LogAssetRegistry: FAssetRegistry took 0.0116 seconds to start up
[2017.05.21-23.40.53:361][  0]SourceControl: Info Source control is disabled
[2017.05.21-23.40.53:362][  0]SourceControl: Info Source control is disabled
[2017.05.21-23.40.53:383][  0]SourceControl: Info Source control is disabled
[2017.05.21-23.40.53:397][  0]SourceControl: Info Source control is disabled
[2017.05.21-23.40.54:222][  0]LogLinker:Warning: Asset '../../../Engine/Plugins/Runtime/LeapMotionController/Content/LM_PassthroughMaterial.uasset' has been saved with empty engine version. The asset will be loaded but may be incompatible.
[2017.05.21-23.40.54:331][  0]LogObj: 28487 objects as part of root set at end of initial load.
[2017.05.21-23.40.54:331][  0]LogUObjectAllocator: 6088816 out of 0 bytes used by permanent object pool.
[2017.05.21-23.40.54:538][  0]LogEngine: Initializing Engine...
[2017.05.21-23.40.54:541][  0]LogHMD: Can't find Oculus library dev build: is proper Runtime installed? Version: 0.7.0.0
[2017.05.21-23.40.54:542][  0]LogHMD: SteamVR failed to initialize.  Err: 110
[2017.05.21-23.40.54:740][  0]LogAIModule: Creating AISystem for world NewWorld
[2017.05.21-23.40.54:744][  0]LogInit: XAudio2 using 'Speakers / Headphones (Realtek High Definition Audio)' : 2 channels at 48 kHz using 32 bits per sample (channel mask 0x3)
[2017.05.21-23.40.55:164][  0]LogInit: FAudioDevice initialized.
[2017.05.21-23.40.55:216][  0]LogDerivedDataCache: Saved boot cache 0.05s 44MB C:/Users/Jacob/AppData/Local/UnrealEngine/4.9/DerivedDataCache/Boot.ddc.
[2017.05.21-23.40.55:231][  0]LogInit: Texture streaming: Enabled
[2017.05.21-23.40.55:238][  0]LogAnalytics: Creating configured Analytics provider AnalyticsET
[2017.05.21-23.40.55:238][  0]LogAnalytics: [UEEditor.Rocket.Release] APIServer = http://et2.epicgames.com/ET2/. AppVersion = 4.9.2-2707645+++depot+UE4-Releases+4.9
[2017.05.21-23.40.55:238][  0]LogAnalytics: [UEEditor.Rocket.Release] SetUserId 0c7004ae4fbf476c46248ea3aa897ba2|5c8a094fc4fb4ccf912a58e8b050ae6e|dd076934-77e4-46bc-8f3f-9384319b48ea
[2017.05.21-23.40.55:238][  0]LogAnalytics: [UEEditor.Rocket.Release] AnalyticsET::StartSession
[2017.05.21-23.40.55:312][  0]LogInit: Transaction tracking system initialized
[2017.05.21-23.40.55:365][  0]BlueprintLog: New page: Editor Load
[2017.05.21-23.40.55:586][  0]LocalizationService: Info Localization service is disabled
[2017.05.21-23.40.55:886][  0]LogConsoleResponse:Display: 
[2017.05.21-23.40.56:074][  0]LogCook:Display: Done creating registry. It took  0.00s.
[2017.05.21-23.40.56:538][  0]LogFileCache: Scanning file cache for directory 'C:/Users/Jacob/Documents/GitHub/Project/Project/Content/' took 0.01s
[2017.05.21-23.40.56:550][  0]SourceControl: Info Source control is disabled
[2017.05.21-23.40.56:550][  0]Cmd: MAP LOAD FILE="../../../../../../Users/Jacob/Documents/GitHub/Project/Project/Content/2DSideScrollerCPP/Maps/2DSideScrollerExampleMap.umap" TEMPLATE=0 SHOWPROGRESS=1 FEATURELEVEL=3
[2017.05.21-23.40.56:551][  0]LightingResults: New page: Lighting Build
[2017.05.21-23.40.56:556][  0]MapCheck: New page: Map Check
[2017.05.21-23.40.56:556][  0]LightingResults: New page: Lighting Build
[2017.05.21-23.40.56:589][  0]LogParticles: Destroying 0 GPU particle simulations for FXSystem 0x00000234EFCBA160
[2017.05.21-23.40.57:504][  0]LogAIModule: Creating AISystem for world 2DSideScrollerExampleMap
[2017.05.21-23.40.57:510][  0]LogEditorServer: Finished looking for orphan Actors (0.000 secs)
[2017.05.21-23.40.57:511][  0]Cmd: MAP CHECKDEP NOCLEARLOG
[2017.05.21-23.40.57:620][  0]MapCheck: Info Map check complete: 0 Error(s), 0 Warning(s), took 108.558ms to complete.
[2017.05.21-23.40.57:620][  0]LogFileHelpers: Loading map '2DSideScrollerExampleMap' took 1.069
[2017.05.21-23.40.57:866][  0]LogCollectionManager: Loaded 0 collections in 0.003801 seconds
[2017.05.21-23.40.57:927][  0]LogFileCache: Scanning file cache for directory 'C:/Users/Jacob/Documents/GitHub/Project/Project/Saved/Collections/' took 0.01s
[2017.05.21-23.40.57:927][  0]LogFileCache: Scanning file cache for directory 'C:/Users/Jacob/Documents/GitHub/Project/Project/Content/Developers/Jacob/Collections/' took 0.01s
[2017.05.21-23.40.57:927][  0]LogFileCache: Scanning file cache for directory 'C:/Users/Jacob/Documents/GitHub/Project/Project/Content/Collections/' took 0.01s
[2017.05.21-23.40.57:927][  0]LogContentBrowser: Native class hierarchy populated in 0.0224 seconds. Added 1869 classes and 335 folders.
[2017.05.21-23.40.57:946][  0]LogCollectionManager: Rebuilt the GUID cache for 0 collections in 0.000006 seconds
[2017.05.21-23.40.57:968][  0]LogContentBrowser: Native class hierarchy updated for 'WidgetCarousel' in 0.0012 seconds. Added 0 classes and 0 folders.
[2017.05.21-23.40.59:608][  0]LogContentBrowser: Native class hierarchy updated for 'AddContentDialog' in 0.0051 seconds. Added 0 classes and 0 folders.
[2017.05.21-23.40.59:632][  0]LogContentBrowser: Native class hierarchy updated for 'SceneOutliner' in 0.0051 seconds. Added 1 classes and 2 folders.
[2017.05.21-23.40.59:711][  0]LogCrashTracker: Crashtracker disabled due to settings.
[2017.05.21-23.40.59:718][  0]LogUObjectGlobals:Warning: Failed to find object 'Class None.'
[2017.05.21-23.40.59:740][  0]LogLoad: Full Startup: 45.14 seconds (BP compile: 0.14 seconds)
[2017.05.21-23.40.59:907][  0]LogContentStreaming: Texture pool size now 1000 MB
[2017.05.21-23.41.00:058][  0]LogRenderer: Reallocating scene render targets to support 964x436 (Frame:2).
[2017.05.21-23.41.07:171][449]LogCollectionManager: Rebuilt the object cache for 0 collections in 0.000002 seconds (found 0 objects)
[2017.05.21-23.41.09:567][637]LogVSAccessor:Warning: Couldn't access Visual Studio
[2017.05.21-23.41.09:573][637]Recompiling Project...
[2017.05.21-23.41.09:573][637]Launching UnrealBuildTool... [C:/Program Files/Epic Games/UE_4.9/Engine/Binaries/DotNET/UnrealBuildTool.exe Project -ModuleWithSuffix Project 9934 Win64 Development -editorrecompile -canskiplink "C:/Users/Jacob/Documents/GitHub/Project/Project/Project.uproject" -rocket  -rocket]
[2017.05.21-23.41.09:577][637]Warning: Starting HotReload took  0.1s.
[2017.05.21-23.41.11:675][785]LogAssetRegistry: Asset discovery search completed in 18.6433 seconds
[2017.05.21-23.41.11:675][785]LogCollectionManager: Fixed up redirectors for 0 collections in 0.000009 seconds (updated 0 objects)
[2017.05.21-23.43.16:378][561]CompilerResultsLog: New page: Compilation - May 21, 2017, 11:43:16 AM
[2017.05.21-23.43.16:391][561]CompilerResultsLog: Info Performing full C++ include scan (hot reloading a new target)
[2017.05.21-23.43.16:391][561]CompilerResultsLog: Info Creating makefile for hot reloading Project (changes to target files)
[2017.05.21-23.43.16:391][561]CompilerResultsLog: Info Compiling game modules for hot reload
[2017.05.21-23.43.16:391][561]CompilerResultsLog: Info Parsing headers for ProjectEditor
[2017.05.21-23.43.16:391][561]CompilerResultsLog: Info   Running UnrealHeaderTool "C:/Users/Jacob/Documents/GitHub/Project/Project/Project.uproject" "C:\Users\Jacob\Documents\GitHub\Project\Project\Intermediate\Build\Win64\ProjectEditor\Development\UnrealHeaderTool.manifest" -LogCmds="loginit warning, logexit warning, logdatabase error" -rocket -installed
[2017.05.21-23.43.16:391][561]CompilerResultsLog: Info Reflection code generated for ProjectEditor in 22.521707 seconds
[2017.05.21-23.43.16:391][561]CompilerResultsLog: Info Performing 6 actions (2 in parallel)
[2017.05.21-23.43.16:391][561]CompilerResultsLog: Info PCH.Project.h.cpp
[2017.05.21-23.43.16:391][561]CompilerResultsLog: Info Project.cpp
[2017.05.21-23.43.16:391][561]CompilerResultsLog: Info ProjectCharacter.cpp
[2017.05.21-23.43.16:391][561]CompilerResultsLog: Info ProjectGameMode.cpp
[2017.05.21-23.43.16:391][561]CompilerResultsLog: Info Project.generated.cpp
[2017.05.21-23.43.16:391][561]CompilerResultsLog: Info [6/6] Link UE4Editor-Project-9934.dll
[2017.05.21-23.43.16:391][561]CompilerResultsLog: Info    Creating library C:\Users\Jacob\Documents\GitHub\Project\Project\Intermediate/Build/Win64\UE4Editor\Development\UE4Editor-Project-9934.lib and object C:\Users\Jacob\Documents\GitHub\Project\Project\Intermediate/Build/Win64\UE4Editor\Development\UE4Editor-Project-9934.exp
[2017.05.21-23.43.16:391][561]CompilerResultsLog: Info -------- End Detailed Actions Stats -----------------------------------------------------------
[2017.05.21-23.43.16:391][561]CompilerResultsLog: Info Total build time: 126.60 seconds
[2017.05.21-23.43.16:391][561]LogMainFrame: MainFrame: Module compiling took 126.824 seconds
[2017.05.21-23.43.16:759][561]LogClass: Could not find existing class ProjectCharacter in package /Script/Project for HotReload, assuming new class
[2017.05.21-23.43.17:229][561]LogTexture:Display: Building textures: Atronaut_Walk (BGRA8)
[2017.05.21-23.43.17:559][561]LogTexture:Display: Building textures: Astronaut_idle (BGRA8)
[2017.05.21-23.43.17:618][561]LogHotReload: Re-instancing ProjectCharacter after hot-reload.
[2017.05.21-23.43.17:807][561]LogContentBrowser: Native class hierarchy updated for 'Project' in 0.0046 seconds. Added 2 classes and 2 folders.
[2017.05.21-23.43.17:811][561]Warning: HotReload successful (0 functions remapped  0 scriptstructs remapped)
[2017.05.21-23.43.17:931][561]LogContentBrowser: Native class hierarchy populated in 0.0248 seconds. Added 1870 classes and 337 folders.
[2017.05.21-23.43.32:729][ 61]LogBlueprintUserMessages: Early PlayInEditor Detection: Level '/Game/2DSideScrollerCPP/Maps/2DSideScrollerExampleMap.2DSideScrollerExampleMap:PersistentLevel' has LevelScriptBlueprint '/Game/2DSideScrollerCPP/Maps/2DSideScrollerExampleMap.2DSideScrollerExampleMap:PersistentLevel.2DSideScrollerExampleMap' with GeneratedClass '/Game/2DSideScrollerCPP/Maps/2DSideScrollerExampleMap.2DSideScrollerExampleMap_C' with ClassGeneratedBy '/Game/2DSideScrollerCPP/Maps/2DSideScrollerExampleMap.2DSideScrollerExampleMap:PersistentLevel.2DSideScrollerExampleMap'
[2017.05.21-23.43.32:730][ 61]LogPlayLevel: PlayLevel: No blueprints needed recompiling
[2017.05.21-23.43.32:730][ 61]PIE: New page: PIE session: 2DSideScrollerExampleMap (May 21, 2017, 11:43:32 AM)
[2017.05.21-23.43.32:730][ 61]LogPlayLevel: Creating play world package: /Game/2DSideScrollerCPP/Maps/UEDPIE_0_2DSideScrollerExampleMap
[2017.05.21-23.43.32:734][ 61]LogPlayLevel: PIE: StaticDuplicateObject took: (0.004531s)
[2017.05.21-23.43.32:736][ 61]LogAIModule: Creating AISystem for world 2DSideScrollerExampleMap
[2017.05.21-23.43.32:736][ 61]LogPlayLevel: PIE: World Init took: (0.001561s)
[2017.05.21-23.43.32:736][ 61]LogPlayLevel: PIE: Created PIE world by copying editor world from /Game/2DSideScrollerCPP/Maps/2DSideScrollerExampleMap.2DSideScrollerExampleMap to /Game/2DSideScrollerCPP/Maps/UEDPIE_0_2DSideScrollerExampleMap.2DSideScrollerExampleMap (0.006513s)
[2017.05.21-23.43.32:772][ 61]LogInit: XAudio2 using 'Speakers / Headphones (Realtek High Definition Audio)' : 2 channels at 48 kHz using 32 bits per sample (channel mask 0x3)
[2017.05.21-23.43.32:787][ 61]LogInit: FAudioDevice initialized.
[2017.05.21-23.43.32:870][ 61]LogWorld: Game class is 'ProjectGameMode'
[2017.05.21-23.43.32:888][ 61]LogWorld: Bringing World /Game/2DSideScrollerCPP/Maps/UEDPIE_0_2DSideScrollerExampleMap.2DSideScrollerExampleMap up for play (max tick rate 0) at 2017.05.21-17.43.32
[2017.05.21-23.43.32:888][ 61]LogActor:Warning: GameSession /Game/2DSideScrollerCPP/Maps/UEDPIE_0_2DSideScrollerExampleMap.2DSideScrollerExampleMap:PersistentLevel.GameSession_0 has natively added scene component(s), but none of them were set as the actor's RootComponent - picking one arbitrarily
[2017.05.21-23.43.32:889][ 61]LogActor:Warning: GameNetworkManager /Game/2DSideScrollerCPP/Maps/UEDPIE_0_2DSideScrollerExampleMap.2DSideScrollerExampleMap:PersistentLevel.GameNetworkManager_0 has natively added scene component(s), but none of them were set as the actor's RootComponent - picking one arbitrarily
[2017.05.21-23.43.32:890][ 61]LogWorld: Bringing up level for play took: 0.016293
[2017.05.21-23.43.32:939][ 61]PIE: Info Play in editor start time for /Game/2DSideScrollerCPP/Maps/UEDPIE_0_2DSideScrollerExampleMap 0.245
[2017.05.21-23.43.32:940][ 61]LogBlueprintUserMessages: Late PlayInEditor Detection: Level '/Game/2DSideScrollerCPP/Maps/2DSideScrollerExampleMap.2DSideScrollerExampleMap:PersistentLevel' has LevelScriptBlueprint '/Game/2DSideScrollerCPP/Maps/2DSideScrollerExampleMap.2DSideScrollerExampleMap:PersistentLevel.2DSideScrollerExampleMap' with GeneratedClass '/Game/2DSideScrollerCPP/Maps/2DSideScrollerExampleMap.2DSideScrollerExampleMap_C' with ClassGeneratedBy '/Game/2DSideScrollerCPP/Maps/2DSideScrollerExampleMap.2DSideScrollerExampleMap:PersistentLevel.2DSideScrollerExampleMap'
[2017.05.21-23.43.44:277][663]LogLinker:Warning: Asset '../../../Engine/Content/ArtTools/RenderToTexture/Macros/RenderToTextureMacros.uasset' has been saved with empty engine version. The asset will be loaded but may be incompatible.
[2017.05.21-23.43.46:345][663]LogContentBrowser: Native class hierarchy updated for 'BlueprintGraph' in 0.0056 seconds. Added 107 classes and 0 folders.
[2017.05.21-23.43.53:456][871]LogBlueprintUserMessages: Early EndPlayMap Detection: Level '/Game/2DSideScrollerCPP/Maps/2DSideScrollerExampleMap.2DSideScrollerExampleMap:PersistentLevel' has LevelScriptBlueprint '/Game/2DSideScrollerCPP/Maps/2DSideScrollerExampleMap.2DSideScrollerExampleMap:PersistentLevel.2DSideScrollerExampleMap' with GeneratedClass '/Game/2DSideScrollerCPP/Maps/2DSideScrollerExampleMap.2DSideScrollerExampleMap_C' with ClassGeneratedBy '/Game/2DSideScrollerCPP/Maps/2DSideScrollerExampleMap.2DSideScrollerExampleMap:PersistentLevel.2DSideScrollerExampleMap'
[2017.05.21-23.43.53:557][871]LogBlueprintUserMessages: Late EndPlayMap Detection: Level '/Game/2DSideScrollerCPP/Maps/2DSideScrollerExampleMap.2DSideScrollerExampleMap:PersistentLevel' has LevelScriptBlueprint '/Game/2DSideScrollerCPP/Maps/2DSideScrollerExampleMap.2DSideScrollerExampleMap:PersistentLevel.2DSideScrollerExampleMap' with GeneratedClass '/Game/2DSideScrollerCPP/Maps/2DSideScrollerExampleMap.2DSideScrollerExampleMap_C' with ClassGeneratedBy '/Game/2DSideScrollerCPP/Maps/2DSideScrollerExampleMap.2DSideScrollerExampleMap:PersistentLevel.2DSideScrollerExampleMap'
[2017.05.21-23.43.53:661][871]LogParticles: Destroying 0 GPU particle simulations for FXSystem 0x000002348AD92E80
[2017.05.21-23.43.53:665][871]LogParticles: Destroying 0 GPU particle simulations for FXSystem 0x000002349346FE20
[2017.05.21-23.44.00:587][268]LogBlueprintUserMessages: Early PlayInEditor Detection: Level '/Game/2DSideScrollerCPP/Maps/2DSideScrollerExampleMap.2DSideScrollerExampleMap:PersistentLevel' has LevelScriptBlueprint '/Game/2DSideScrollerCPP/Maps/2DSideScrollerExampleMap.2DSideScrollerExampleMap:PersistentLevel.2DSideScrollerExampleMap' with GeneratedClass '/Game/2DSideScrollerCPP/Maps/2DSideScrollerExampleMap.2DSideScrollerExampleMap_C' with ClassGeneratedBy '/Game/2DSideScrollerCPP/Maps/2DSideScrollerExampleMap.2DSideScrollerExampleMap:PersistentLevel.2DSideScrollerExampleMap'
[2017.05.21-23.44.00:587][268]LogPlayLevel: PlayLevel: No blueprints needed recompiling
[2017.05.21-23.44.00:587][268]PIE: New page: PIE session: 2DSideScrollerExampleMap (May 21, 2017, 11:44:00 AM)
[2017.05.21-23.44.00:587][268]LogPlayLevel: Creating play world package: /Game/2DSideScrollerCPP/Maps/UEDPIE_0_2DSideScrollerExampleMap
[2017.05.21-23.44.00:591][268]LogPlayLevel: PIE: StaticDuplicateObject took: (0.003825s)
[2017.05.21-23.44.00:593][268]LogAIModule: Creating AISystem for world 2DSideScrollerExampleMap
[2017.05.21-23.44.00:593][268]LogPlayLevel: PIE: World Init took: (0.002125s)
[2017.05.21-23.44.00:594][268]LogPlayLevel: PIE: Created PIE world by copying editor world from /Game/2DSideScrollerCPP/Maps/2DSideScrollerExampleMap.2DSideScrollerExampleMap to /Game/2DSideScrollerCPP/Maps/UEDPIE_0_2DSideScrollerExampleMap.2DSideScrollerExampleMap (0.006261s)
[2017.05.21-23.44.00:646][268]LogParticles: Destroying 0 GPU particle simulations for FXSystem 0x0000023493337740
[2017.05.21-23.44.00:650][268]LogInit: XAudio2 using 'Speakers / Headphones (Realtek High Definition Audio)' : 2 channels at 48 kHz using 32 bits per sample (channel mask 0x3)
[2017.05.21-23.44.00:677][268]LogInit: FAudioDevice initialized.
[2017.05.21-23.44.00:738][268]LogWorld: Game class is 'ProjectGameMode'
[2017.05.21-23.44.00:764][268]LogWorld: Bringing World /Game/2DSideScrollerCPP/Maps/UEDPIE_0_2DSideScrollerExampleMap.2DSideScrollerExampleMap up for play (max tick rate 0) at 2017.05.21-17.44.00
[2017.05.21-23.44.00:765][268]LogActor:Warning: GameSession /Game/2DSideScrollerCPP/Maps/UEDPIE_0_2DSideScrollerExampleMap.2DSideScrollerExampleMap:PersistentLevel.GameSession_1 has natively added scene component(s), but none of them were set as the actor's RootComponent - picking one arbitrarily
[2017.05.21-23.44.00:766][268]LogActor:Warning: GameNetworkManager /Game/2DSideScrollerCPP/Maps/UEDPIE_0_2DSideScrollerExampleMap.2DSideScrollerExampleMap:PersistentLevel.GameNetworkManager_1 has natively added scene component(s), but none of them were set as the actor's RootComponent - picking one arbitrarily
[2017.05.21-23.44.00:767][268]LogWorld: Bringing up level for play took: 0.027623
[2017.05.21-23.44.00:772][268]PIE: Info Play in editor start time for /Game/2DSideScrollerCPP/Maps/UEDPIE_0_2DSideScrollerExampleMap 0.078
[2017.05.21-23.44.00:773][268]LogBlueprintUserMessages: Late PlayInEditor Detection: Level '/Game/2DSideScrollerCPP/Maps/2DSideScrollerExampleMap.2DSideScrollerExampleMap:PersistentLevel' has LevelScriptBlueprint '/Game/2DSideScrollerCPP/Maps/2DSideScrollerExampleMap.2DSideScrollerExampleMap:PersistentLevel.2DSideScrollerExampleMap' with GeneratedClass '/Game/2DSideScrollerCPP/Maps/2DSideScrollerExampleMap.2DSideScrollerExampleMap_C' with ClassGeneratedBy '/Game/2DSideScrollerCPP/Maps/2DSideScrollerExampleMap.2DSideScrollerExampleMap:PersistentLevel.2DSideScrollerExampleMap'
[2017.05.21-23.44.16:253][997]LogBlueprintUserMessages: Early EndPlayMap Detection: Level '/Game/2DSideScrollerCPP/Maps/2DSideScrollerExampleMap.2DSideScrollerExampleMap:PersistentLevel' has LevelScriptBlueprint '/Game/2DSideScrollerCPP/Maps/2DSideScrollerExampleMap.2DSideScrollerExampleMap:PersistentLevel.2DSideScrollerExampleMap' with GeneratedClass '/Game/2DSideScrollerCPP/Maps/2DSideScrollerExampleMap.2DSideScrollerExampleMap_C' with ClassGeneratedBy '/Game/2DSideScrollerCPP/Maps/2DSideScrollerExampleMap.2DSideScrollerExampleMap:PersistentLevel.2DSideScrollerExampleMap'
[2017.05.21-23.44.16:302][997]LogBlueprintUserMessages: Late EndPlayMap Detection: Level '/Game/2DSideScrollerCPP/Maps/2DSideScrollerExampleMap.2DSideScrollerExampleMap:PersistentLevel' has LevelScriptBlueprint '/Game/2DSideScrollerCPP/Maps/2DSideScrollerExampleMap.2DSideScrollerExampleMap:PersistentLevel.2DSideScrollerExampleMap' with GeneratedClass '/Game/2DSideScrollerCPP/Maps/2DSideScrollerExampleMap.2DSideScrollerExampleMap_C' with ClassGeneratedBy '/Game/2DSideScrollerCPP/Maps/2DSideScrollerExampleMap.2DSideScrollerExampleMap:PersistentLevel.2DSideScrollerExampleMap'
[2017.05.21-23.44.16:374][997]LogParticles: Destroying 0 GPU particle simulations for FXSystem 0x0000023490DB6660
[2017.05.21-23.44.16:375][997]LogParticles: Destroying 0 GPU particle simulations for FXSystem 0x000002349AA19260
[2017.05.21-23.44.39:330][121]LogSlate:Warning: Prevented a slow task dialog from being summoned while a context menu was open
[2017.05.21-23.44.50:350][614]BlueprintLog: New page: Compile 2DSideScrollerExampleMap
[2017.05.21-23.44.50:486][614]BlueprintEditorCompileResults: Info [0275.88] Compile of 2DSideScrollerExampleMap successful! [in 136 ms]
[2017.05.21-23.44.53:437][794]LogBlueprintUserMessages: Early PlayInEditor Detection: Level '/Game/2DSideScrollerCPP/Maps/2DSideScrollerExampleMap.2DSideScrollerExampleMap:PersistentLevel' has LevelScriptBlueprint '/Game/2DSideScrollerCPP/Maps/2DSideScrollerExampleMap.2DSideScrollerExampleMap:PersistentLevel.2DSideScrollerExampleMap' with GeneratedClass '/Game/2DSideScrollerCPP/Maps/2DSideScrollerExampleMap.2DSideScrollerExampleMap_C' with ClassGeneratedBy '/Game/2DSideScrollerCPP/Maps/2DSideScrollerExampleMap.2DSideScrollerExampleMap:PersistentLevel.2DSideScrollerExampleMap'
[2017.05.21-23.44.53:438][794]LogPlayLevel: PlayLevel: No blueprints needed recompiling
[2017.05.21-23.44.53:438][794]PIE: New page: PIE session: 2DSideScrollerExampleMap (May 21, 2017, 11:44:53 AM)
[2017.05.21-23.44.53:438][794]LogPlayLevel: Creating play world package: /Game/2DSideScrollerCPP/Maps/UEDPIE_0_2DSideScrollerExampleMap
[2017.05.21-23.44.53:445][794]LogPlayLevel: PIE: StaticDuplicateObject took: (0.007384s)
[2017.05.21-23.44.53:446][794]LogAIModule: Creating AISystem for world 2DSideScrollerExampleMap
[2017.05.21-23.44.53:446][794]LogPlayLevel: PIE: World Init took: (0.001132s)
[2017.05.21-23.44.53:446][794]LogPlayLevel: PIE: Created PIE world by copying editor world from /Game/2DSideScrollerCPP/Maps/2DSideScrollerExampleMap.2DSideScrollerExampleMap to /Game/2DSideScrollerCPP/Maps/UEDPIE_0_2DSideScrollerExampleMap.2DSideScrollerExampleMap (0.008859s)
[2017.05.21-23.44.53:515][794]LogParticles: Destroying 0 GPU particle simulations for FXSystem 0x0000023499F83BA0
[2017.05.21-23.44.53:516][794]LogInit: XAudio2 using 'Speakers / Headphones (Realtek High Definition Audio)' : 2 channels at 48 kHz using 32 bits per sample (channel mask 0x3)
[2017.05.21-23.44.53:535][794]LogInit: FAudioDevice initialized.
[2017.05.21-23.44.53:578][794]LogWorld: Game class is 'ProjectGameMode'
[2017.05.21-23.44.53:586][794]LogWorld: Bringing World /Game/2DSideScrollerCPP/Maps/UEDPIE_0_2DSideScrollerExampleMap.2DSideScrollerExampleMap up for play (max tick rate 0) at 2017.05.21-17.44.53
[2017.05.21-23.44.53:587][794]LogActor:Warning: GameSession /Game/2DSideScrollerCPP/Maps/UEDPIE_0_2DSideScrollerExampleMap.2DSideScrollerExampleMap:PersistentLevel.GameSession_2 has natively added scene component(s), but none of them were set as the actor's RootComponent - picking one arbitrarily
[2017.05.21-23.44.53:587][794]LogActor:Warning: GameNetworkManager /Game/2DSideScrollerCPP/Maps/UEDPIE_0_2DSideScrollerExampleMap.2DSideScrollerExampleMap:PersistentLevel.GameNetworkManager_2 has natively added scene component(s), but none of them were set as the actor's RootComponent - picking one arbitrarily
[2017.05.21-23.44.53:587][794]LogWorld: Bringing up level for play took: 0.008685
[2017.05.21-23.44.53:590][794]PIE: Info Play in editor start time for /Game/2DSideScrollerCPP/Maps/UEDPIE_0_2DSideScrollerExampleMap 0.896
[2017.05.21-23.44.53:590][794]LogBlueprintUserMessages: Late PlayInEditor Detection: Level '/Game/2DSideScrollerCPP/Maps/2DSideScrollerExampleMap.2DSideScrollerExampleMap:PersistentLevel' has LevelScriptBlueprint '/Game/2DSideScrollerCPP/Maps/2DSideScrollerExampleMap.2DSideScrollerExampleMap:PersistentLevel.2DSideScrollerExampleMap' with GeneratedClass '/Game/2DSideScrollerCPP/Maps/2DSideScrollerExampleMap.2DSideScrollerExampleMap_C' with ClassGeneratedBy '/Game/2DSideScrollerCPP/Maps/2DSideScrollerExampleMap.2DSideScrollerExampleMap:PersistentLevel.2DSideScrollerExampleMap'
[2017.05.21-23.45.05:374][266]LogVSAccessor:Warning: Couldn't access Visual Studio
[2017.05.21-23.45.05:381][266]Recompiling Project...
[2017.05.21-23.45.05:381][266]Launching UnrealBuildTool... [C:/Program Files/Epic Games/UE_4.9/Engine/Binaries/DotNET/UnrealBuildTool.exe Project -ModuleWithSuffix Project 8210 Win64 Development -editorrecompile -canskiplink "C:/Users/Jacob/Documents/GitHub/Project/Project/Project.uproject" -rocket  -rocket]
[2017.05.21-23.45.05:385][266]Warning: Starting HotReload took  0.0s.
[2017.05.21-23.45.10:849][470]CompilerResultsLog: New page: Compilation - May 21, 2017, 11:45:10 AM
[2017.05.21-23.45.10:849][470]CompilerResultsLog: Info Compiling game modules for hot reload
[2017.05.21-23.45.10:849][470]CompilerResultsLog: Info Target is up to date.
[2017.05.21-23.45.10:849][470]LogMainFrame: MainFrame: Module compiling took 5.475 seconds
[2017.05.21-23.45.18:843][713]LogSavePackage: Save=104.924568ms
[2017.05.21-23.45.18:844][713]LogSavePackage: Moving '../../../../../../Users/Jacob/Documents/GitHub/Project/Project/Saved/2DSideScrollerExampleMap38E0DA2B4C3B3C12976D13A5B3E0064E.tmp' to '../../../../../../Users/Jacob/Documents/GitHub/Project/Project/Content/2DSideScrollerCPP/Maps/2DSideScrollerExampleMap.umap'
[2017.05.21-23.45.18:902][713]LogSavePackage: Total save time: 170.861602ms
[2017.05.21-23.45.18:902][713]LogSavePackage:Warning: Finished SavePackage ../../../../../../Users/Jacob/Documents/GitHub/Project/Project/Content/2DSideScrollerCPP/Maps/2DSideScrollerExampleMap.umap
[2017.05.21-23.45.18:971][713]LogFileHelpers: Saving map '2DSideScrollerExampleMap' took 0.398
[2017.05.21-23.45.19:098][713]LogWindowsTextInputMethodSystem:Display: IME system now deactivated.
[2017.05.21-23.45.19:098][713]LogWindowsTextInputMethodSystem:Display: IME system now deactivated.
[2017.05.21-23.45.19:362][713]LogBlueprintUserMessages: Early EndPlayMap Detection: Level '/Game/2DSideScrollerCPP/Maps/2DSideScrollerExampleMap.2DSideScrollerExampleMap:PersistentLevel' has LevelScriptBlueprint '/Game/2DSideScrollerCPP/Maps/2DSideScrollerExampleMap.2DSideScrollerExampleMap:PersistentLevel.2DSideScrollerExampleMap' with GeneratedClass '/Game/2DSideScrollerCPP/Maps/2DSideScrollerExampleMap.2DSideScrollerExampleMap_C' with ClassGeneratedBy '/Game/2DSideScrollerCPP/Maps/2DSideScrollerExampleMap.2DSideScrollerExampleMap:PersistentLevel.2DSideScrollerExampleMap'
[2017.05.21-23.45.19:395][713]LogBlueprintUserMessages: Late EndPlayMap Detection: Level '/Game/2DSideScrollerCPP/Maps/2DSideScrollerExampleMap.2DSideScrollerExampleMap:PersistentLevel' has LevelScriptBlueprint '/Game/2DSideScrollerCPP/Maps/2DSideScrollerExampleMap.2DSideScrollerExampleMap:PersistentLevel.2DSideScrollerExampleMap' with GeneratedClass '/Game/2DSideScrollerCPP/Maps/2DSideScrollerExampleMap.2DSideScrollerExampleMap_C' with ClassGeneratedBy '/Game/2DSideScrollerCPP/Maps/2DSideScrollerExampleMap.2DSideScrollerExampleMap:PersistentLevel.2DSideScrollerExampleMap'
[2017.05.21-23.45.19:503][713]LogParticles: Destroying 0 GPU particle simulations for FXSystem 0x00000234956285E0
[2017.05.21-23.45.19:695][714]Cmd: QUIT_EDITOR
[2017.05.21-23.45.20:356][714]LogExit: Preparing to exit.
[2017.05.21-23.45.21:263][714]LogParticles: Destroying 0 GPU particle simulations for FXSystem 0x00000234F2AEDF80
[2017.05.21-23.45.21:269][714]LogExit: Editor shut down
[2017.05.21-23.45.21:270][714]LogExit: Transaction tracking system shut down
[2017.05.21-23.45.21:274][714]LogParticles: Destroying 0 GPU particle simulations for FXSystem 0x00000234F9F39300
[2017.05.21-23.45.21:279][714]LogParticles: Destroying 0 GPU particle simulations for FXSystem 0x000002349562A840
[2017.05.21-23.45.21:489][714]LogExit: Object subsystem successfully closed.
[2017.05.21-23.45.21:510][714]LogD3D11RHI: Shutdown
[2017.05.21-23.45.21:510][714]LogD3D11RHI: CleanupD3DDevice
[2017.05.21-23.45.21:624][714]LogD3D11RHI: ~FD3D11DynamicRHI
[2017.05.21-23.45.21:647][714]LogModuleManager: Shutting down and abandoning module BlueprintGraph (199)
[2017.05.21-23.45.21:647][714]LogModuleManager: Shutting down and abandoning module CrashTracker (198)
[2017.05.21-23.45.21:647][714]LogModuleManager: Shutting down and abandoning module SceneOutliner (197)
[2017.05.21-23.45.21:647][714]LogModuleManager: Shutting down and abandoning module SuperSearch (196)
[2017.05.21-23.45.21:647][714]LogModuleManager: Shutting down and abandoning module WidgetCarousel (195)
[2017.05.21-23.45.21:647][714]LogModuleManager: Shutting down and abandoning module AddContentDialog (194)
[2017.05.21-23.45.21:656][714]LogModuleManager: Shutting down and abandoning module EditorWidgets (193)
[2017.05.21-23.45.21:656][714]LogModuleManager: Shutting down and abandoning module CollectionManager (192)
[2017.05.21-23.45.21:656][714]LogModuleManager: Shutting down and abandoning module StatsViewer (191)
[2017.05.21-23.45.21:656][714]LogModuleManager: Shutting down and abandoning module FoliageEdit (190)
[2017.05.21-23.45.21:656][714]LogModuleManager: Shutting down and abandoning module LandscapeEditor (189)
[2017.05.21-23.45.21:656][714]LogModuleManager: Shutting down and abandoning module ActorPickerMode (188)
[2017.05.21-23.45.21:656][714]LogModuleManager: Shutting down and abandoning module GeometryMode (187)
[2017.05.21-23.45.21:656][714]LogModuleManager: Shutting down and abandoning module TextureAlignMode (186)
[2017.05.21-23.45.21:657][714]LogModuleManager: Shutting down and abandoning module BspMode (185)
[2017.05.21-23.45.21:657][714]LogModuleManager: Shutting down and abandoning module PlacementMode (184)
[2017.05.21-23.45.21:657][714]LogModuleManager: Shutting down and abandoning module AutomationWorker (183)
[2017.05.21-23.45.21:657][714]LogModuleManager: Shutting down and abandoning module CharacterAI (182)
[2017.05.21-23.45.21:657][714]LogModuleManager: Shutting down and abandoning module SmartSnapping (181)
[2017.05.21-23.45.21:657][714]LogModuleManager: Shutting down and abandoning module ViewportSnapping (180)
[2017.05.21-23.45.21:657][714]LogModuleManager: Shutting down and abandoning module LogVisualizer (179)
[2017.05.21-23.45.21:657][714]LogModuleManager: Shutting down and abandoning module GameProjectGeneration (178)
[2017.05.21-23.45.21:657][714]LogModuleManager: Shutting down and abandoning module IntroTutorials (177)
[2017.05.21-23.45.21:657][714]LogModuleManager: Shutting down and abandoning module EditorLiveStreaming (176)
[2017.05.21-23.45.21:657][714]LogModuleManager: Shutting down and abandoning module IOSPlatformEditor (175)
[2017.05.21-23.45.21:657][714]LogModuleManager: Shutting down and abandoning module HTML5PlatformEditor (174)
[2017.05.21-23.45.21:657][714]LogModuleManager: Shutting down and abandoning module AndroidDeviceDetection (173)
[2017.05.21-23.45.22:243][714]LogModuleManager: Shutting down and abandoning module AndroidPlatformEditor (172)
[2017.05.21-23.45.22:243][714]LogModuleManager: Shutting down and abandoning module IOSRuntimeSettings (171)
[2017.05.21-23.45.22:243][714]LogModuleManager: Shutting down and abandoning module AndroidRuntimeSettings (170)
[2017.05.21-23.45.22:243][714]LogModuleManager: Shutting down and abandoning module MergeActors (169)
[2017.05.21-23.45.22:243][714]LogModuleManager: Shutting down and abandoning module SizeMap (168)
[2017.05.21-23.45.22:244][714]LogModuleManager: Shutting down and abandoning module TreeMap (167)
[2017.05.21-23.45.22:244][714]LogModuleManager: Shutting down and abandoning module ReferenceViewer (166)
[2017.05.21-23.45.22:244][714]LogModuleManager: Shutting down and abandoning module LocalizationService (165)
[2017.05.21-23.45.22:244][714]LogModuleManager: Shutting down and abandoning module LocalizationDashboard (164)
[2017.05.21-23.45.22:244][714]LogModuleManager: Shutting down and abandoning module HardwareTargeting (163)
[2017.05.21-23.45.22:244][714]LogModuleManager: Shutting down and abandoning module DeviceProfileEditor (162)
[2017.05.21-23.45.22:244][714]LogModuleManager: Shutting down and abandoning module UndoHistory (161)
[2017.05.21-23.45.22:244][714]LogModuleManager: Shutting down and abandoning module GameplayTagsEditor (160)
[2017.05.21-23.45.22:244][714]LogModuleManager: Shutting down and abandoning module UserFeedback (159)
[2017.05.21-23.45.22:244][714]LogModuleManager: Shutting down and abandoning module XmlParser (158)
[2017.05.21-23.45.22:244][714]LogModuleManager: Shutting down and abandoning module Blutility (157)
[2017.05.21-23.45.22:244][714]LogModuleManager: Shutting down and abandoning module ProjectTargetPlatformEditor (156)
[2017.05.21-23.45.22:245][714]LogModuleManager: Shutting down and abandoning module ProjectSettingsViewer (155)
[2017.05.21-23.45.22:246][714]LogModuleManager: Shutting down and abandoning module InputBindingEditor (154)
[2017.05.21-23.45.22:246][714]LogModuleManager: Shutting down and abandoning module EditorSettingsViewer (153)
[2017.05.21-23.45.22:246][714]LogModuleManager: Shutting down and abandoning module SettingsEditor (152)
[2017.05.21-23.45.22:246][714]LogModuleManager: Shutting down and abandoning module ProjectLauncher (151)
[2017.05.21-23.45.22:246][714]LogModuleManager: Shutting down and abandoning module SessionFrontend (150)
[2017.05.21-23.45.22:247][714]LogModuleManager: Shutting down and abandoning module ProfilerClient (149)
[2017.05.21-23.45.22:247][714]LogModuleManager: Shutting down and abandoning module TargetDeviceServices (148)
[2017.05.21-23.45.22:247][714]LogModuleManager: Shutting down and abandoning module DeviceManager (147)
[2017.05.21-23.45.22:248][714]LogModuleManager: Shutting down and abandoning module AutomationController (146)
[2017.05.21-23.45.22:248][714]LogModuleManager: Shutting down and abandoning module AutomationWindow (145)
[2017.05.21-23.45.22:248][714]LogModuleManager: Shutting down and abandoning module Layers (144)
[2017.05.21-23.45.22:248][714]LogModuleManager: Shutting down and abandoning module ComponentVisualizers (143)
[2017.05.21-23.45.22:248][714]LogModuleManager: Shutting down and abandoning module DetailCustomizations (142)
[2017.05.21-23.45.22:249][714]LogModuleManager: Shutting down and abandoning module PackagesDialog (141)
[2017.05.21-23.45.22:249][714]LogModuleManager: Shutting down and abandoning module Persona (140)
[2017.05.21-23.45.22:249][714]LogModuleManager: Shutting down and abandoning module Kismet (139)
[2017.05.21-23.45.22:249][714]LogModuleManager: Shutting down and abandoning module GraphEditor (138)
[2017.05.21-23.45.22:249][714]LogModuleManager: Shutting down and abandoning module ClassViewer (137)
[2017.05.21-23.45.22:253][714]LogModuleManager: Shutting down and abandoning module Toolbox (136)
[2017.05.21-23.45.22:253][714]LogModuleManager: Shutting down and abandoning module ModuleUI (135)
[2017.05.21-23.45.22:253][714]LogModuleManager: Shutting down and abandoning module MovieSceneTools (134)
[2017.05.21-23.45.22:253][714]LogModuleManager: Shutting down and abandoning module OutputLog (133)
[2017.05.21-23.45.22:253][714]LogModuleManager: Shutting down and abandoning module GammaUI (132)
[2017.05.21-23.45.22:253][714]LogModuleManager: Shutting down and abandoning module Documentation (131)
[2017.05.21-23.45.22:253][714]LogModuleManager: Shutting down and abandoning module GameLiveStreaming (130)
[2017.05.21-23.45.22:253][714]LogModuleManager: Shutting down and abandoning module StreamingPauseRendering (129)
[2017.05.21-23.45.22:254][714]LogModuleManager: Shutting down and abandoning module AnalyticsET (128)
[2017.05.21-23.45.22:254][714]LogModuleManager: Shutting down and abandoning module Analytics (127)
[2017.05.21-23.45.22:254][714]LogModuleManager: Shutting down and abandoning module AITestSuite (126)
[2017.05.21-23.45.22:254][714]LogModuleManager: Shutting down and abandoning module GameplayDebugger (125)
[2017.05.21-23.45.22:254][714]LogModuleManager: Shutting down and abandoning module AIModule (124)
[2017.05.21-23.45.22:254][714]LogModuleManager: Shutting down and abandoning module ProfilerService (123)
[2017.05.21-23.45.22:405][714]LogModuleManager: Shutting down and abandoning module TaskGraph (122)
[2017.05.21-23.45.22:405][714]LogModuleManager: Shutting down and abandoning module SlateRemote (121)
[2017.05.21-23.45.22:405][714]LogModuleManager: Shutting down and abandoning module SteamVRController (120)
[2017.05.21-23.45.22:405][714]LogModuleManager: Shutting down and abandoning module SteamVR (119)
[2017.05.21-23.45.22:405][714]LogModuleManager: Shutting down and abandoning module ProceduralMeshComponent (118)
[2017.05.21-23.45.22:405][714]LogModuleManager: Shutting down and abandoning module OculusRift (117)
[2017.05.21-23.45.22:405][714]LogModuleManager: Shutting down and abandoning module OculusLibrary (116)
[2017.05.21-23.45.22:405][714]LogModuleManager: Shutting down and abandoning module LeapMotionController (115)
[2017.05.21-23.45.22:474][714]LogModuleManager: Shutting down and abandoning module CustomMeshComponent (114)
[2017.05.21-23.45.22:474][714]LogModuleManager: Shutting down and abandoning module CableComponent (113)
[2017.05.21-23.45.22:474][714]LogModuleManager: Shutting down and abandoning module ArchVisCharacter (112)
[2017.05.21-23.45.22:474][714]LogModuleManager: Shutting down and abandoning module MessagingDebugger (111)
[2017.05.21-23.45.22:475][714]LogModuleManager: Shutting down and abandoning module MediaPlayerEditor (110)
[2017.05.21-23.45.22:475][714]LogModuleManager: Shutting down and abandoning module HTML5Networking (109)
[2017.05.21-23.45.22:475][714]LogModuleManager: Shutting down and abandoning module SpeedTreeImporter (108)
[2017.05.21-23.45.22:475][714]LogModuleManager: Shutting down and abandoning module PluginBrowser (107)
[2017.05.21-23.45.22:475][714]LogModuleManager: Shutting down and abandoning module EpicSurvey (106)
[2017.05.21-23.45.22:475][714]LogModuleManager: Shutting down and abandoning module DesktopPlatform (105)
[2017.05.21-23.45.22:475][714]LogModuleManager: Shutting down and abandoning module VisualStudioSourceCodeAccess (104)
[2017.05.21-23.45.22:475][714]LogModuleManager: Shutting down and abandoning module UObjectPlugin (103)
[2017.05.21-23.45.22:475][714]LogModuleManager: Shutting down and abandoning module SubversionSourceControl (102)
[2017.05.21-23.45.22:475][714]LogModuleManager: Shutting down and abandoning module PerforceSourceControl (101)
[2017.05.21-23.45.22:475][714]LogModuleManager: Shutting down and abandoning module SourceControl (100)
[2017.05.21-23.45.22:475][714]LogModuleManager: Shutting down and abandoning module GitSourceControl (99)
[2017.05.21-23.45.22:475][714]LogModuleManager: Shutting down and abandoning module LightPropagationVolumeEditor (98)
[2017.05.21-23.45.22:475][714]LogModuleManager: Shutting down and abandoning module PaperTiledImporter (97)
[2017.05.21-23.45.22:475][714]LogModuleManager: Shutting down and abandoning module PaperSpriteSheetImporter (96)
[2017.05.21-23.45.22:475][714]LogModuleManager: Shutting down and abandoning module MeshPaint (95)
[2017.05.21-23.45.22:475][714]LogModuleManager: Shutting down and abandoning module SlateReflector (94)
[2017.05.21-23.45.22:475][714]LogModuleManager: Shutting down and abandoning module HotReload (93)
[2017.05.21-23.45.22:475][714]LogModuleManager: Shutting down and abandoning module MainFrame (92)
[2017.05.21-23.45.22:475][714]LogModuleManager: Shutting down and abandoning module LevelEditor (91)
[2017.05.21-23.45.22:477][714]LogModuleManager: Shutting down and abandoning module DirectoryWatcher (90)
[2017.05.21-23.45.22:486][714]LogModuleManager: Shutting down and abandoning module AssetRegistry (89)
[2017.05.21-23.45.22:613][714]LogModuleManager: Shutting down and abandoning module ContentBrowser (88)
[2017.05.21-23.45.22:614][714]LogModuleManager: Shutting down and abandoning module Paper2DEditor (87)
[2017.05.21-23.45.22:614][714]LogModuleManager: Shutting down and abandoning module Project (86)
[2017.05.21-23.45.22:614][714]LogModuleManager: Shutting down and abandoning module UdpMessaging (85)
[2017.05.21-23.45.22:715][714]LogModuleManager: Shutting down and abandoning module LightPropagationVolumeRuntime (84)
[2017.05.21-23.45.22:715][714]LogModuleManager: Shutting down and abandoning module Paper2D (83)
[2017.05.21-23.45.22:715][714]LogModuleManager: Shutting down and abandoning module WindowsMoviePlayer (82)
[2017.05.21-23.45.22:725][714]LogModuleManager: Shutting down and abandoning module Media (81)
[2017.05.21-23.45.22:725][714]LogModuleManager: Shutting down and abandoning module WmfMedia (80)
[2017.05.21-23.45.22:726][714]LogModuleManager: Shutting down and abandoning module OnlineBlueprintSupport (79)
[2017.05.21-23.45.22:726][714]LogModuleManager: Shutting down and abandoning module GameplayTasksEditor (78)
[2017.05.21-23.45.22:726][714]LogModuleManager: Shutting down and abandoning module PropertyEditor (77)
[2017.05.21-23.45.22:726][714]LogModuleManager: Shutting down and abandoning module BehaviorTreeEditor (76)
[2017.05.21-23.45.22:726][714]LogModuleManager: Shutting down and abandoning module FunctionalTesting (75)
[2017.05.21-23.45.22:726][714]LogModuleManager: Shutting down and abandoning module CollisionAnalyzer (74)
[2017.05.21-23.45.22:727][714]LogModuleManager: Shutting down and abandoning module WorkspaceMenuStructure (73)
[2017.05.21-23.45.22:727][714]LogModuleManager: Shutting down and abandoning module MessageLog (72)
[2017.05.21-23.45.22:727][714]LogModuleManager: Shutting down and abandoning module Sequencer (71)
[2017.05.21-23.45.22:727][714]LogModuleManager: Shutting down and abandoning module AssetTools (70)
[2017.05.21-23.45.22:728][714]LogModuleManager: Shutting down and abandoning module UMGEditor (69)
[2017.05.21-23.45.22:728][714]LogModuleManager: Shutting down and abandoning module UMG (68)
[2017.05.21-23.45.22:728][714]LogModuleManager: Shutting down and abandoning module Slate (67)
[2017.05.21-23.45.22:728][714]LogModuleManager: Shutting down and abandoning module EditorStyle (66)
[2017.05.21-23.45.22:741][714]LogModuleManager: Shutting down and abandoning module SessionServices (65)
[2017.05.21-23.45.22:741][714]LogModuleManager: Shutting down and abandoning module SourceCodeAccess (64)
[2017.05.21-23.45.22:741][714]LogModuleManager: Shutting down and abandoning module HeadMountedDisplay (63)
[2017.05.21-23.45.22:741][714]LogModuleManager: Shutting down and abandoning module XAudio2 (62)
[2017.05.21-23.45.22:742][714]LogModuleManager: Shutting down and abandoning module Networking (60)
[2017.05.21-23.45.22:742][714]LogModuleManager: Shutting down and abandoning module Core (59)
[2017.05.21-23.45.22:742][714]LogModuleManager: Shutting down and abandoning module KismetCompiler (58)
[2017.05.21-23.45.22:742][714]LogModuleManager: Shutting down and abandoning module PhysXFormats (57)
[2017.05.21-23.45.22:742][714]LogModuleManager: Shutting down and abandoning module MeshUtilities (56)
[2017.05.21-23.45.22:742][714]LogModuleManager: Shutting down and abandoning module CookingStats (55)
[2017.05.21-23.45.22:744][714]LogModuleManager: Shutting down and abandoning module DerivedDataCache (54)
[2017.05.21-23.45.22:826][714]LogDerivedDataCache: Shutdown
[2017.05.21-23.45.22:826][714]LogModuleManager: Shutting down and abandoning module ShaderFormatOpenGL (53)
[2017.05.21-23.45.22:826][714]LogModuleManager: Shutting down and abandoning module ShaderFormatD3D (52)
[2017.05.21-23.45.22:827][714]LogModuleManager: Shutting down and abandoning module MetalShaderFormat (51)
[2017.05.21-23.45.22:827][714]LogModuleManager: Shutting down and abandoning module TextureFormatUncompressed (50)
[2017.05.21-23.45.22:827][714]LogModuleManager: Shutting down and abandoning module TextureFormatPVR (49)
[2017.05.21-23.45.22:827][714]LogModuleManager: Shutting down and abandoning module TextureFormatIntelISPCTexComp (48)
[2017.05.21-23.45.22:827][714]LogModuleManager: Shutting down and abandoning module TextureFormatDXT (47)
[2017.05.21-23.45.22:827][714]LogModuleManager: Shutting down and abandoning module ImageWrapper (46)
[2017.05.21-23.45.22:827][714]LogModuleManager: Shutting down and abandoning module TextureFormatASTC (45)
[2017.05.21-23.45.22:827][714]LogModuleManager: Shutting down and abandoning module TextureFormatAndroid (44)
[2017.05.21-23.45.22:827][714]LogModuleManager: Shutting down and abandoning module AudioFormatOpus (43)
[2017.05.21-23.45.22:827][714]LogModuleManager: Shutting down and abandoning module AudioFormatOgg (42)
[2017.05.21-23.45.22:827][714]LogModuleManager: Shutting down and abandoning module AudioFormatADPCM (41)
[2017.05.21-23.45.22:827][714]LogModuleManager: Shutting down and abandoning module LinuxTargetPlatform (40)
[2017.05.21-23.45.22:828][714]LogModuleManager: Shutting down and abandoning module LinuxServerTargetPlatform (39)
[2017.05.21-23.45.22:828][714]LogModuleManager: Shutting down and abandoning module LinuxNoEditorTargetPlatform (38)
[2017.05.21-23.45.22:828][714]LogModuleManager: Shutting down and abandoning module Messaging (37)
[2017.05.21-23.45.22:828][714]LogModuleManager: Shutting down and abandoning module IOSTargetPlatform (36)
[2017.05.21-23.45.22:828][714]LogModuleManager: Shutting down and abandoning module HTML5TargetPlatform (35)
[2017.05.21-23.45.22:828][714]LogModuleManager: Shutting down and abandoning module Android_PVRTCTargetPlatform (34)
[2017.05.21-23.45.22:828][714]LogModuleManager: Shutting down and abandoning module Android_ETC2TargetPlatform (33)
[2017.05.21-23.45.22:828][714]LogModuleManager: Shutting down and abandoning module Android_ETC1TargetPlatform (32)
[2017.05.21-23.45.22:829][714]LogModuleManager: Shutting down and abandoning module Android_DXTTargetPlatform (31)
[2017.05.21-23.45.22:829][714]LogModuleManager: Shutting down and abandoning module Android_ATCTargetPlatform (30)
[2017.05.21-23.45.22:829][714]LogModuleManager: Shutting down and abandoning module Android_ASTCTargetPlatform (29)
[2017.05.21-23.45.22:829][714]LogModuleManager: Shutting down and abandoning module AndroidTargetPlatform (28)
[2017.05.21-23.45.22:829][714]LogModuleManager: Shutting down and abandoning module WindowsTargetPlatform (27)
[2017.05.21-23.45.22:830][714]LogModuleManager: Shutting down and abandoning module WindowsServerTargetPlatform (26)
[2017.05.21-23.45.22:830][714]LogModuleManager: Shutting down and abandoning module WindowsNoEditorTargetPlatform (25)
[2017.05.21-23.45.22:830][714]LogModuleManager: Shutting down and abandoning module WindowsClientTargetPlatform (24)
[2017.05.21-23.45.22:830][714]LogModuleManager: Shutting down and abandoning module AllDesktopTargetPlatform (23)
[2017.05.21-23.45.22:830][714]LogModuleManager: Shutting down and abandoning module TargetPlatform (22)
[2017.05.21-23.45.22:831][714]LogModuleManager: Shutting down and abandoning module InputCore (21)
[2017.05.21-23.45.22:831][714]LogModuleManager: Shutting down and abandoning module Settings (20)
[2017.05.21-23.45.22:831][714]LogModuleManager: Shutting down and abandoning module OnlineSubsystem (18)
[2017.05.21-23.45.22:831][714]LogModuleManager: Shutting down and abandoning module HTTP (17)
[2017.05.21-23.45.24:835][714]LogModuleManager: Shutting down and abandoning module XMPP (16)
[2017.05.21-23.45.24:835][714]LogModuleManager: Shutting down and abandoning module ExampleDeviceProfileSelector (15)
[2017.05.21-23.45.24:835][714]LogModuleManager: Shutting down and abandoning module TextureCompressor (14)
[2017.05.21-23.45.24:835][714]LogModuleManager: Shutting down and abandoning module ShaderCore (13)
[2017.05.21-23.45.24:835][714]LogModuleManager: Shutting down and abandoning module Landscape (12)
[2017.05.21-23.45.24:835][714]LogModuleManager: Shutting down and abandoning module SlateRHIRenderer (11)
[2017.05.21-23.45.24:840][714]LogModuleManager: Shutting down and abandoning module OpenGLDrv (10)
[2017.05.21-23.45.24:840][714]LogModuleManager: Shutting down and abandoning module D3D11RHI (9)
[2017.05.21-23.45.24:840][714]LogModuleManager: Shutting down and abandoning module AnimGraphRuntime (8)
[2017.05.21-23.45.24:840][714]LogModuleManager: Shutting down and abandoning module Renderer (7)
[2017.05.21-23.45.24:840][714]LogModuleManager: Shutting down and abandoning module Engine (6)
[2017.05.21-23.45.24:840][714]LogModuleManager: Shutting down and abandoning module CoreUObject (5)
[2017.05.21-23.45.24:840][714]LogModuleManager: Shutting down and abandoning module NetworkFile (4)
[2017.05.21-23.45.24:840][714]LogModuleManager: Shutting down and abandoning module StreamingFile (3)
[2017.05.21-23.45.24:840][714]LogModuleManager: Shutting down and abandoning module SandboxFile (2)
[2017.05.21-23.45.24:840][714]LogModuleManager: Shutting down and abandoning module PakFile (1)
[2017.05.21-23.45.24:841][714]LogExit: Exiting.
[2017.05.21-23.45.24:869][714]Log file closed, 05/21/17 17:45:24
